Add 9
 [1] 9 

Add 2
 [2] 2| 9 

Add 4
 [3] 2| 4| 9 

Add 5
         [4] 5 
     ┌─────┴────┐
 [2] 2| 4   [2] 5| 9 

Add 10
          [5] 5 
     ┌──────┴─────┐
 [2] 2| 4   [3] 5| 9| 10 

Add 6
            [6] 6 
      ┌───────┴──────┐
 [3] 2| 4| 5   [3] 6| 9| 10 

Add 3
              [7] 4| 6 
     ┌──────────┬┴───────────┐
 [2] 2| 3   [2] 4| 5   [3] 6| 9| 10 

Add 1
                [8] 4| 6 
      ┌────────────┼────────────┐
 [3] 1| 2| 3   [2] 4| 5   [3] 6| 9| 10 

Add 57
                  [9] 4| 9 
      ┌─────────────┬┴─────────────┐
 [3] 1| 2| 3   [3] 4| 5| 6   [3] 9| 10| 57 

Add 65
                    [10] 4| 9| 57 
      ┌─────────────┬─────┴──────┬────────────┐
 [3] 1| 2| 3   [3] 4| 5| 6   [2] 9| 10   [2] 57| 65 

Add 72
                     [11] 4| 9| 57 
      ┌─────────────┬──────┴─────┬──────────────┐
 [3] 1| 2| 3   [3] 4| 5| 6   [2] 9| 10   [3] 57| 65| 72 

Add 84
                       [12] 4| 9| 65 
      ┌─────────────┬────────┴─────┬────────────────┐
 [3] 1| 2| 3   [3] 4| 5| 6   [3] 9| 10| 57   [3] 65| 72| 84 

Add 63
                                   [13] 57 
                     ┌────────────────┴────────────────┐
                 [8] 4| 9                           [5] 65 
      ┌─────────────┼────────────┐            ┌───────┴──────┐
 [3] 1| 2| 3   [3] 4| 5| 6   [2] 9| 10   [2] 57| 63   [3] 65| 72| 84 

Add 14
                                      [14] 57 
                      ┌──────────────────┴─────────────────┐
                  [9] 4| 9                              [5] 65 
      ┌─────────────┬┴─────────────┐              ┌───────┴──────┐
 [3] 1| 2| 3   [3] 4| 5| 6   [3] 9| 10| 14   [2] 57| 63   [3] 65| 72| 84 

Add 85
                                       [15] 57 
                      ┌───────────────────┴───────────────────┐
                  [9] 4| 9                                 [6] 72 
      ┌─────────────┬┴─────────────┐                ┌────────┴───────┐
 [3] 1| 2| 3   [3] 4| 5| 6   [3] 9| 10| 14   [3] 57| 63| 65   [3] 72| 84| 85 

Add 53
                                              [16] 57 
                          ┌──────────────────────┴─────────────────────┐
                    [10] 4| 9| 14                                   [6] 72 
      ┌─────────────┬─────┴──────┬────────────┐              ┌────────┴───────┐
 [3] 1| 2| 3   [3] 4| 5| 6   [2] 9| 10   [2] 14| 53   [3] 57| 63| 65   [3] 72| 84| 85 

Add 81
                                                [17] 57 
                          ┌────────────────────────┴────────────────────────┐
                    [10] 4| 9| 14                                      [7] 72| 84 
      ┌─────────────┬─────┴──────┬────────────┐              ┌─────────────┴┬────────────┐
 [3] 1| 2| 3   [3] 4| 5| 6   [2] 9| 10   [2] 14| 53   [3] 57| 63| 65   [2] 72| 81   [2] 84| 85 

Add 58
                                                   [18] 58 
                           ┌──────────────────────────┴─────────────────────────┐
                     [11] 4| 9| 14                                         [7] 72| 84 
      ┌─────────────┬──────┴─────┬──────────────┐                ┌─────────────┴┬────────────┐
 [3] 1| 2| 3   [3] 4| 5| 6   [2] 9| 10   [3] 14| 53| 57   [3] 58| 63| 65   [2] 72| 81   [2] 84| 85 

Add 64
                                                    [19] 58 
                           ┌───────────────────────────┴──────────────────────────┐
                     [11] 4| 9| 14                                           [8] 65| 84 
      ┌─────────────┬──────┴─────┬──────────────┐                ┌───────────────┴┬──────────────┐
 [3] 1| 2| 3   [3] 4| 5| 6   [2] 9| 10   [3] 14| 53| 57   [3] 58| 63| 64   [3] 65| 72| 81   [2] 84| 85 

Add 54
                                                       [20] 58 
                             ┌────────────────────────────┴───────────────────────────┐
                       [12] 4| 9| 53                                             [8] 65| 84 
      ┌─────────────┬────────┴─────┬────────────────┐                ┌───────────────┴┬──────────────┐
 [3] 1| 2| 3   [3] 4| 5| 6   [3] 9| 10| 14   [3] 53| 54| 57   [3] 58| 63| 64   [3] 65| 72| 81   [2] 84| 85 

Add 7
                                                     [21] 53 
                          ┌─────────────────────────────┴────────────────────────────┐
                    [10] 4| 6| 9                                              [11] 58| 65| 84 
      ┌────────────┬─────┴────┬────────────┐                ┌────────────────┬───────┴────────┬──────────────┐
 [3] 1| 2| 3   [2] 4| 5   [2] 6| 7   [3] 9| 10| 14   [3] 53| 54| 57   [3] 58| 63| 64   [3] 65| 72| 81   [2] 84| 85 

Add 8
                                                       [22] 53 
                           ┌──────────────────────────────┴─────────────────────────────┐
                     [11] 4| 6| 9                                                [11] 58| 65| 84 
      ┌────────────┬──────┴────┬──────────────┐                ┌────────────────┬───────┴────────┬──────────────┐
 [3] 1| 2| 3   [2] 4| 5   [3] 6| 7| 8   [3] 9| 10| 14   [3] 53| 54| 57   [3] 58| 63| 64   [3] 65| 72| 81   [2] 84| 85 

Add 86
                                                       [23] 53 
                           ┌──────────────────────────────┴──────────────────────────────┐
                     [11] 4| 6| 9                                                 [12] 58| 65| 84 
      ┌────────────┬──────┴────┬──────────────┐                ┌────────────────┬────────┴───────┬────────────────┐
 [3] 1| 2| 3   [2] 4| 5   [3] 6| 7| 8   [3] 9| 10| 14   [3] 53| 54| 57   [3] 58| 63| 64   [3] 65| 72| 81   [3] 84| 85| 86 

Add 38
                                                       [24] 9| 53 
                    ┌───────────────────────────────┬──────┴──────────────────────────────────────┐
                [8] 4| 6                         [4] 14                                    [12] 58| 65| 84 
      ┌────────────┼───────────┐            ┌──────┴─────┐              ┌────────────────┬────────┴───────┬────────────────┐
 [3] 1| 2| 3   [2] 4| 5   [3] 6| 7| 8   [2] 9| 10   [2] 14| 38   [3] 53| 54| 57   [3] 58| 63| 64   [3] 65| 72| 81   [3] 84| 85| 86 

Add 27
                                                         [25] 9| 53 
                    ┌────────────────────────────────┬───────┴────────────────────────────────────────┐
                [8] 4| 6                          [5] 14                                       [12] 58| 65| 84 
      ┌────────────┼───────────┐            ┌───────┴──────┐                ┌────────────────┬────────┴───────┬────────────────┐
 [3] 1| 2| 3   [2] 4| 5   [3] 6| 7| 8   [2] 9| 10   [3] 14| 27| 38   [3] 53| 54| 57   [3] 58| 63| 64   [3] 65| 72| 81   [3] 84| 85| 86 

Add 100
                                                                [26] 9| 58 
                    ┌────────────────────────────────────────┬──────┴───────────────────────────────────────────────┐
                [8] 4| 6                                [8] 14| 53                                           [10] 65| 84| 86 
      ┌────────────┼───────────┐            ┌──────────────┬┴───────────────┐                ┌────────────────┬─────┴────────┬────────────┐
 [3] 1| 2| 3   [2] 4| 5   [3] 6| 7| 8   [2] 9| 10   [3] 14| 27| 38   [3] 53| 54| 57   [3] 58| 63| 64   [3] 65| 72| 81   [2] 84| 85   [2] 86| 100 

Add 39
                                                                  [27] 9| 58 
                    ┌───────────────────────────────────────────┬─────┴─────────────────────────────────────────────────┐
                [8] 4| 6                                   [9] 27| 53                                            [10] 65| 84| 86 
      ┌────────────┼───────────┐              ┌────────────────┼────────────────┐                ┌────────────────┬─────┴────────┬────────────┐
 [3] 1| 2| 3   [2] 4| 5   [3] 6| 7| 8   [3] 9| 10| 14   [3] 27| 38| 39   [3] 53| 54| 57   [3] 58| 63| 64   [3] 65| 72| 81   [2] 84| 85   [2] 86| 100 

Add 68
                                                                   [28] 9| 58 
                    ┌───────────────────────────────────────────┬──────┴──────────────────────────────────────────────────┐
                [8] 4| 6                                   [9] 27| 53                                              [11] 65| 81| 86 
      ┌────────────┼───────────┐              ┌────────────────┼────────────────┐                ┌────────────────┬───────┴────────┬──────────────┐
 [3] 1| 2| 3   [2] 4| 5   [3] 6| 7| 8   [3] 9| 10| 14   [3] 27| 38| 39   [3] 53| 54| 57   [3] 58| 63| 64   [3] 65| 68| 72   [3] 81| 84| 85   [2] 86| 100 

Add 51
                                                                        [29] 9| 58 
                    ┌───────────────────────────────────────────────┬───────┴──────────────────────────────────────────────────────┐
                [8] 4| 6                                     [10] 27| 39| 53                                                [11] 65| 81| 86 
      ┌────────────┼───────────┐              ┌──────────────┬──────┴─────┬──────────────┐                ┌────────────────┬───────┴────────┬──────────────┐
 [3] 1| 2| 3   [2] 4| 5   [3] 6| 7| 8   [3] 9| 10| 14   [2] 27| 38   [2] 39| 51   [3] 53| 54| 57   [3] 58| 63| 64   [3] 65| 68| 72   [3] 81| 84| 85   [2] 86| 100 

Add 18
                                                                          [30] 9| 58 
                    ┌─────────────────────────────────────────────────┬───────┴────────────────────────────────────────────────────────┐
                [8] 4| 6                                       [11] 18| 39| 53                                                  [11] 65| 81| 86 
      ┌────────────┼───────────┐              ┌────────────────┬──────┴───────┬──────────────┐                ┌────────────────┬───────┴────────┬──────────────┐
 [3] 1| 2| 3   [2] 4| 5   [3] 6| 7| 8   [3] 9| 10| 14   [3] 18| 27| 38   [2] 39| 51   [3] 53| 54| 57   [3] 58| 63| 64   [3] 65| 68| 72   [3] 81| 84| 85   [2] 86| 100 

Add 15
                                                                                [31] 14| 58 
                          ┌─────────────────────────────────────────────────────┬────┴──────────────────────────────────────────────────────────┐
                    [10] 4| 6| 9                                         [10] 18| 39| 53                                                 [11] 65| 81| 86 
      ┌────────────┬─────┴─────┬────────────┐            ┌──────────────┬───────┴──────┬──────────────┐                ┌────────────────┬───────┴────────┬──────────────┐
 [3] 1| 2| 3   [2] 4| 5   [3] 6| 7| 8   [2] 9| 10   [2] 14| 15   [3] 18| 27| 38   [2] 39| 51   [3] 53| 54| 57   [3] 58| 63| 64   [3] 65| 68| 72   [3] 81| 84| 85   [2] 86| 100 

Add 59
                                                                                            [32] 14| 58| 81 
                          ┌─────────────────────────────────────────────────────┬──────────────────┴────────────────────────────────┬──────────────────────────────────────┐
                    [10] 4| 6| 9                                         [10] 18| 39| 53                                       [7] 63| 65                               [5] 86 
      ┌────────────┬─────┴─────┬────────────┐            ┌──────────────┬───────┴──────┬──────────────┐              ┌────────────┬┴─────────────┐                ┌───────┴──────┐
 [3] 1| 2| 3   [2] 4| 5   [3] 6| 7| 8   [2] 9| 10   [2] 14| 15   [3] 18| 27| 38   [2] 39| 51   [3] 53| 54| 57   [2] 58| 59   [2] 63| 64   [3] 65| 68| 72   [3] 81| 84| 85   [2] 86| 100 

index:0, value:1
index:1, value:2
index:2, value:3
index:3, value:4
index:4, value:5
index:5, value:6
index:6, value:7
index:7, value:8
index:8, value:9
index:9, value:10
index:10, value:14
index:11, value:15
index:12, value:18
index:13, value:27
index:14, value:38
index:15, value:39
index:16, value:51
index:17, value:53
index:18, value:54
index:19, value:57
index:20, value:58
index:21, value:59
index:22, value:63
index:23, value:64
index:24, value:65
index:25, value:68
index:26, value:72
index:27, value:81
index:28, value:84
index:29, value:85
index:30, value:86
index:31, value:100
 