                                                                                            [32] 14| 58| 81 
                          ┌─────────────────────────────────────────────────────┬──────────────────┴────────────────────────────────┬──────────────────────────────────────┐
                    [10] 4| 6| 9                                         [10] 18| 39| 53                                       [7] 63| 65                               [5] 86 
      ┌────────────┬─────┴─────┬────────────┐            ┌──────────────┬───────┴──────┬──────────────┐              ┌────────────┬┴─────────────┐                ┌───────┴──────┐
 [3] 1| 2| 3   [2] 4| 5   [3] 6| 7| 8   [2] 9| 10   [2] 14| 15   [3] 18| 27| 38   [2] 39| 51   [3] 53| 54| 57   [2] 58| 59   [2] 63| 64   [3] 65| 68| 72   [3] 81| 84| 85   [2] 86| 100 
Remove 9
                                                                                          [31] 14| 58| 81 
                         ┌───────────────────────────────────────────────────┬───────────────────┴───────────────────────────────┬──────────────────────────────────────┐
                    [9] 4| 6| 9                                       [10] 18| 39| 53                                       [7] 63| 65                               [5] 86 
      ┌────────────┬─────┴─────┬───────────┐          ┌──────────────┬───────┴──────┬──────────────┐              ┌────────────┬┴─────────────┐                ┌───────┴──────┐
 [3] 1| 2| 3   [2] 4| 5   [3] 6| 7| 8   [1] 10   [2] 14| 15   [3] 18| 27| 38   [2] 39| 51   [3] 53| 54| 57   [2] 58| 59   [2] 63| 64   [3] 65| 68| 72   [3] 81| 84| 85   [2] 86| 100 

Remove 2
                                                                                       [30] 14| 58| 81 
                       ┌──────────────────────────────────────────────────┬───────────────────┴───────────────────────────────┬──────────────────────────────────────┐
                  [8] 4| 6| 9                                      [10] 18| 39| 53                                       [7] 63| 65                               [5] 86 
     ┌──────────┬──────┴────┬───────────┐          ┌──────────────┬───────┴──────┬──────────────┐              ┌────────────┬┴─────────────┐                ┌───────┴──────┐
 [2] 1| 3   [2] 4| 5   [3] 6| 7| 8   [1] 10   [2] 14| 15   [3] 18| 27| 38   [2] 39| 51   [3] 53| 54| 57   [2] 58| 59   [2] 63| 64   [3] 65| 68| 72   [3] 81| 84| 85   [2] 86| 100 

Remove 4
                                                                                     [29] 14| 58| 81 
                     ┌─────────────────────────────────────────────────┬────────────────────┴──────────────────────────────┬──────────────────────────────────────┐
                [7] 4| 6| 9                                     [10] 18| 39| 53                                       [7] 63| 65                               [5] 86 
     ┌────────┬──────┴───┬───────────┐          ┌──────────────┬───────┴──────┬──────────────┐              ┌────────────┬┴─────────────┐                ┌───────┴──────┐
 [2] 1| 3   [1] 5   [3] 6| 7| 8   [1] 10   [2] 14| 15   [3] 18| 27| 38   [2] 39| 51   [3] 53| 54| 57   [2] 58| 59   [2] 63| 64   [3] 65| 68| 72   [3] 81| 84| 85   [2] 86| 100 

Remove 5
                                                                                  [28] 14| 58| 81 
                   ┌────────────────────────────────────────────────┬────────────────────┴──────────────────────────────┬──────────────────────────────────────┐
              [6] 3| 6| 9                                    [10] 18| 39| 53                                       [7] 63| 65                               [5] 86 
   ┌───────┬───────┴──┬───────────┐          ┌──────────────┬───────┴──────┬──────────────┐              ┌────────────┬┴─────────────┐                ┌───────┴──────┐
 [1] 1   [1] 3   [3] 6| 7| 8   [1] 10   [2] 14| 15   [3] 18| 27| 38   [2] 39| 51   [3] 53| 54| 57   [2] 58| 59   [2] 63| 64   [3] 65| 68| 72   [3] 81| 84| 85   [2] 86| 100 

Remove 10
                                                                               [27] 14| 58| 81 
                 ┌──────────────────────────────────────────────┬─────────────────────┴─────────────────────────────┬──────────────────────────────────────┐
            [5] 3| 6| 8                                  [10] 18| 39| 53                                       [7] 63| 65                               [5] 86 
   ┌───────┬─────┴───┬────────┐          ┌──────────────┬───────┴──────┬──────────────┐              ┌────────────┬┴─────────────┐                ┌───────┴──────┐
 [1] 1   [1] 3   [2] 6| 7   [1] 8   [2] 14| 15   [3] 18| 27| 38   [2] 39| 51   [3] 53| 54| 57   [2] 58| 59   [2] 63| 64   [3] 65| 68| 72   [3] 81| 84| 85   [2] 86| 100 

Remove 6
                                                                             [26] 14| 58| 81 
               ┌─────────────────────────────────────────────┬──────────────────────┴────────────────────────────┬──────────────────────────────────────┐
          [4] 3| 6| 8                                 [10] 18| 39| 53                                       [7] 63| 65                               [5] 86 
   ┌───────┬───┴───┬───────┐          ┌──────────────┬───────┴──────┬──────────────┐              ┌────────────┬┴─────────────┐                ┌───────┴──────┐
 [1] 1   [1] 3   [1] 7   [1] 8   [2] 14| 15   [3] 18| 27| 38   [2] 39| 51   [3] 53| 54| 57   [2] 58| 59   [2] 63| 64   [3] 65| 68| 72   [3] 81| 84| 85   [2] 86| 100 

Remove 3
                                                                       [25] 14| 58| 81 
            ┌────────────────────────────────────────┬────────────────────────┴──────────────────────────┬──────────────────────────────────────┐
        [3] 6| 8                              [10] 18| 39| 53                                       [7] 63| 65                               [5] 86 
   ┌───────┼───────┐          ┌──────────────┬───────┴──────┬──────────────┐              ┌────────────┬┴─────────────┐                ┌───────┴──────┐
 [1] 1   [1] 7   [1] 8   [2] 14| 15   [3] 18| 27| 38   [2] 39| 51   [3] 53| 54| 57   [2] 58| 59   [2] 63| 64   [3] 65| 68| 72   [3] 81| 84| 85   [2] 86| 100 

Remove 1
                                                                 [24] 14| 58| 81 
       ┌─────────────────────────────────────┬──────────────────────────┴────────────────────────┬──────────────────────────────────────┐
     [2] 8                            [10] 18| 39| 53                                       [7] 63| 65                               [5] 86 
   ┌───┴───┐          ┌──────────────┬───────┴──────┬──────────────┐              ┌────────────┬┴─────────────┐                ┌───────┴──────┐
 [1] 7   [1] 8   [2] 14| 15   [3] 18| 27| 38   [2] 39| 51   [3] 53| 54| 57   [2] 58| 59   [2] 63| 64   [3] 65| 68| 72   [3] 81| 84| 85   [2] 86| 100 

Remove 57
                                                               [23] 14| 58| 81 
       ┌─────────────────────────────────────┬────────────────────────┴──────────────────────┬──────────────────────────────────────┐
     [2] 8                            [9] 18| 39| 53                                    [7] 63| 65                               [5] 86 
   ┌───┴───┐          ┌──────────────┬──────┴───────┬────────────┐            ┌────────────┬┴─────────────┐                ┌───────┴──────┐
 [1] 7   [1] 8   [2] 14| 15   [3] 18| 27| 38   [2] 39| 51   [2] 53| 54   [2] 58| 59   [2] 63| 64   [3] 65| 68| 72   [3] 81| 84| 85   [2] 86| 100 

Remove 65
                                                             [22] 14| 58| 81 
       ┌─────────────────────────────────────┬──────────────────────┴───────────────────────┬───────────────────────────────────┐
     [2] 8                            [9] 18| 39| 53                                   [6] 63| 65                            [5] 86 
   ┌───┴───┐          ┌──────────────┬──────┴───────┬────────────┐            ┌────────────┼────────────┐              ┌───────┴──────┐
 [1] 7   [1] 8   [2] 14| 15   [3] 18| 27| 38   [2] 39| 51   [2] 53| 54   [2] 58| 59   [2] 63| 64   [2] 68| 72   [3] 81| 84| 85   [2] 86| 100 

Remove 72
                                                           [21] 14| 58| 81 
       ┌─────────────────────────────────────┬────────────────────┴────────────────────────┬────────────────────────────────┐
     [2] 8                            [9] 18| 39| 53                                  [5] 63| 65                         [5] 86 
   ┌───┴───┐          ┌──────────────┬──────┴───────┬────────────┐            ┌───────────┴┬──────────┐            ┌───────┴──────┐
 [1] 7   [1] 8   [2] 14| 15   [3] 18| 27| 38   [2] 39| 51   [2] 53| 54   [2] 58| 59   [2] 63| 64   [1] 68   [3] 81| 84| 85   [2] 86| 100 

Remove 84
                                                         [20] 14| 58| 81 
       ┌─────────────────────────────────────┬──────────────────┴──────────────────────────┬─────────────────────────────┐
     [2] 8                            [9] 18| 39| 53                                  [5] 63| 65                      [4] 86 
   ┌───┴───┐          ┌──────────────┬──────┴───────┬────────────┐            ┌───────────┴┬──────────┐          ┌──────┴─────┐
 [1] 7   [1] 8   [2] 14| 15   [3] 18| 27| 38   [2] 39| 51   [2] 53| 54   [2] 58| 59   [2] 63| 64   [1] 68   [2] 81| 85   [2] 86| 100 

Remove 63
                                                       [19] 14| 58| 81 
       ┌─────────────────────────────────────┬────────────────┴──────────────────────────┬───────────────────────────┐
     [2] 8                            [9] 18| 39| 53                                [4] 63| 65                    [4] 86 
   ┌───┴───┐          ┌──────────────┬──────┴───────┬────────────┐            ┌─────────┴┬────────┐          ┌──────┴─────┐
 [1] 7   [1] 8   [2] 14| 15   [3] 18| 27| 38   [2] 39| 51   [2] 53| 54   [2] 58| 59   [1] 64   [1] 68   [2] 81| 85   [2] 86| 100 

Remove 14
                                                     [18] 14| 58| 81 
       ┌──────────────────────────────────┬─────────────────┴────────────────────────┬───────────────────────────┐
     [2] 8                         [8] 18| 39| 53                               [4] 63| 65                    [4] 86 
   ┌───┴───┐        ┌────────────┬───────┴──────┬────────────┐            ┌─────────┴┬────────┐          ┌──────┴─────┐
 [1] 7   [1] 8   [1] 15   [3] 18| 27| 38   [2] 39| 51   [2] 53| 54   [2] 58| 59   [1] 64   [1] 68   [2] 81| 85   [2] 86| 100 

Remove 85
                                                    [17] 14| 58| 81 
       ┌──────────────────────────────────┬────────────────┴─────────────────────────┬────────────────────────┐
     [2] 8                         [8] 18| 39| 53                               [4] 63| 65                 [3] 86 
   ┌───┴───┐        ┌────────────┬───────┴──────┬────────────┐            ┌─────────┴┬────────┐        ┌─────┴────┐
 [1] 7   [1] 8   [1] 15   [3] 18| 27| 38   [2] 39| 51   [2] 53| 54   [2] 58| 59   [1] 64   [1] 68   [1] 81   [2] 86| 100 

Remove 53
                                                  [16] 14| 58| 81 
       ┌─────────────────────────────────┬───────────────┴───────────────────────┬────────────────────────┐
     [2] 8                        [7] 18| 39| 53                            [4] 63| 65                 [3] 86 
   ┌───┴───┐        ┌────────────┬──────┴───────┬──────────┐          ┌─────────┴┬────────┐        ┌─────┴────┐
 [1] 7   [1] 8   [1] 15   [3] 18| 27| 38   [2] 39| 51   [1] 54   [2] 58| 59   [1] 64   [1] 68   [1] 81   [2] 86| 100 

Remove 81
                                                 [15] 14| 58| 81 
       ┌─────────────────────────────────┬──────────────┴────────────────────────┬──────────────────────┐
     [2] 8                        [7] 18| 39| 53                            [4] 63| 65               [2] 100 
   ┌───┴───┐        ┌────────────┬──────┴───────┬──────────┐          ┌─────────┴┬────────┐        ┌────┴───┐
 [1] 7   [1] 8   [1] 15   [3] 18| 27| 38   [2] 39| 51   [1] 54   [2] 58| 59   [1] 64   [1] 68   [1] 86   [1] 100 

Remove 58
                                               [14] 14| 58| 81 
       ┌─────────────────────────────────┬────────────┴───────────────────────┬─────────────────────┐
     [2] 8                        [7] 18| 39| 53                         [3] 63| 65              [2] 100 
   ┌───┴───┐        ┌────────────┬──────┴───────┬──────────┐        ┌────────┼────────┐        ┌────┴───┐
 [1] 7   [1] 8   [1] 15   [3] 18| 27| 38   [2] 39| 51   [1] 54   [1] 59   [1] 64   [1] 68   [1] 86   [1] 100 

Remove 64
                                          [13] 14| 58| 81 
       ┌─────────────────────────────────┬───────┴────────────────────────┬────────────────┐
     [2] 8                        [7] 18| 39| 53                       [2] 65           [2] 100 
   ┌───┴───┐        ┌────────────┬──────┴───────┬──────────┐        ┌────┴───┐        ┌────┴───┐
 [1] 7   [1] 8   [1] 15   [3] 18| 27| 38   [2] 39| 51   [1] 54   [1] 59   [1] 68   [1] 86   [1] 100 

Remove 54
                                        [12] 14| 58| 81 
       ┌───────────────────────────────┬───────┴──────────────────────┬────────────────┐
     [2] 8                      [6] 18| 39| 51                     [2] 65           [2] 100 
   ┌───┴───┐        ┌────────────┬────┴───────┬────────┐        ┌────┴───┐        ┌────┴───┐
 [1] 7   [1] 8   [1] 15   [3] 18| 27| 38   [1] 39   [1] 51   [1] 59   [1] 68   [1] 86   [1] 100 

Remove 7
                                     [11] 18| 58| 81 
         ┌───────────────────────────┬──────┴─────────────────┬────────────────┐
      [2] 14                    [5] 39| 51                 [2] 65           [2] 100 
   ┌────┴───┐            ┌──────────┴─┬────────┐        ┌────┴───┐        ┌────┴───┐
 [1] 8   [1] 15   [3] 18| 27| 38   [1] 39   [1] 51   [1] 59   [1] 68   [1] 86   [1] 100 

Remove 8
                                   [10] 39| 58| 81 
            ┌───────────────────────┬─────┴───────────┬────────────────┐
         [4] 18                  [2] 51            [2] 65           [2] 100 
    ┌──────┴─────┐            ┌────┴───┐        ┌────┴───┐        ┌────┴───┐
 [1] 15   [3] 18| 27| 38   [1] 39   [1] 51   [1] 59   [1] 68   [1] 86   [1] 100 

Remove 86
                               [9] 39| 58 
            ┌──────────────────────┴┬─────────────────────┐
         [4] 18                  [2] 51              [3] 65| 81 
    ┌──────┴─────┐            ┌────┴───┐        ┌────────┼────────┐
 [1] 15   [3] 18| 27| 38   [1] 39   [1] 51   [1] 59   [1] 68   [1] 100 

Remove 38
                             [8] 39| 58 
           ┌────────────────────┬┴────────────────────┐
        [3] 18               [2] 51              [3] 65| 81 
    ┌─────┴────┐          ┌────┴───┐        ┌────────┼────────┐
 [1] 15   [2] 18| 27   [1] 39   [1] 51   [1] 59   [1] 68   [1] 100 

Remove 27
                          [7] 39| 58 
          ┌─────────────────┬─┴───────────────────┐
       [2] 18            [2] 51              [3] 65| 81 
    ┌────┴───┐        ┌────┴───┐        ┌────────┼────────┐
 [1] 15   [1] 18   [1] 39   [1] 51   [1] 59   [1] 68   [1] 100 

Remove 100
                        [6] 39| 58 
          ┌─────────────────┼─────────────────┐
       [2] 18            [2] 51            [2] 65 
    ┌────┴───┐        ┌────┴───┐        ┌────┴───┐
 [1] 15   [1] 18   [1] 39   [1] 51   [1] 59   [1] 68 

Remove 39
                        [5] 58 
              ┌───────────┴──────────┐
         [3] 18| 39               [2] 65 
    ┌────────┼────────┐        ┌────┴───┐
 [1] 15   [1] 18   [1] 51   [1] 59   [1] 68 

Remove 68
                 [4] 39 
          ┌────────┴────────┐
       [2] 18            [2] 58 
    ┌────┴───┐        ┌────┴───┐
 [1] 15   [1] 18   [1] 51   [1] 59 

Remove 51
         [3] 18| 39 
    ┌────────┼────────┐
 [1] 15   [1] 18   [1] 59 

Remove 18
       [2] 39 
    ┌────┴───┐
 [1] 15   [1] 59 

Remove 15
 [1] 59 

Remove 59

